O usuario Joao (ID 6) foi adicionado na rede
O usuario Pedro (ID 4) foi adicionado na rede
O usuario Paulo (ID 3) foi adicionado na rede
O usuario Maria (ID 7) foi adicionado na rede
O usuario Francisco (ID 30) foi adicionado na rede
Os usuarios Joao e Pedro se tornaram amigos
Os usuarios Joao e Paulo se tornaram amigos
Os usuarios Maria e Joao se tornaram amigos
Os usuarios Paulo e Pedro se tornaram amigos
Usuarios da rede: Paulo, Pedro, Joao, Maria, Francisco
Amigos de Paulo: Pedro, Joao
Amigos de Pedro: Paulo, Joao
Amigos de Joao: Paulo, Pedro, Maria
Amigos de Maria: Joao
O usuario Maria foi excluido da rede
Usuarios da rede: Paulo, Pedro, Joao, Francisco
Amigos de Paulo: Pedro, Joao
Amigos de Pedro: Paulo, Joao
Amigos de Joao: Paulo, Pedro
Amigos de Francisco:
Amigos em comum entre Joao e Paulo: Pedro
Os usuarios Pedro e Paulo nao sao mais amigos
Amigos em comum entre Joao e Paulo:
