O usuario Joao (ID 1) foi adicionado na rede
O usuario Pedro (ID 2) foi adicionado na rede
O usuario Francisco (ID 3) foi adicionado na rede
O usuario Maria (ID 4) foi adicionado na rede
O usuario Paula (ID 5) foi adicionado na rede
O usuario Paulo (ID 6) foi adicionado na rede
O usuario Marcelo (ID 7) foi adicionado na rede
O usuario Marcela (ID 8) foi adicionado na rede
O usuario Marina (ID 9) foi adicionado na rede
Usuarios da rede: Joao, Pedro, Francisco, Maria, Paula, Paulo, Marcelo, Marcela, Marina
Os usuarios Joao e Pedro se tornaram amigos
Os usuarios Joao e Francisco se tornaram amigos
Os usuarios Joao e Maria se tornaram amigos
Os usuarios Joao e Paula se tornaram amigos
Os usuarios Joao e Paulo se tornaram amigos
Os usuarios Paulo e Pedro se tornaram amigos
Os usuarios Paulo e Francisco se tornaram amigos
Os usuarios Marcelo e Marcela se tornaram amigos
Os usuarios Marcelo e Marina se tornaram amigos
Os usuarios Marcela e Marina se tornaram amigos
Amigos de Joao: Pedro, Francisco, Maria, Paula, Paulo
Amigos de Pedro: Joao, Paulo
Amigos de Francisco: Joao, Paulo
Amigos de Maria: Joao
Amigos de Paula: Joao
Amigos de Paulo: Joao, Pedro, Francisco
Amigos de Marcelo: Marcela, Marina
Amigos de Marcela: Marcelo, Marina
Amigos de Marina: Marcelo, Marcela
Amigos em comum entre Joao e Pedro: Paulo
Amigos em comum entre Joao e Francisco: Paulo
Amigos em comum entre Joao e Maria:
Amigos em comum entre Joao e Paula:
Amigos em comum entre Joao e Paulo: Pedro, Francisco
Amigos em comum entre Joao e Marcelo:
Amigos em comum entre Joao e Marcela:
Amigos em comum entre Joao e Marina:
Amigos em comum entre Marcelo e Marcela: Marina
Os usuarios Marcela e Marina nao sao mais amigos
Os usuarios Paulo e Pedro nao sao mais amigos
Amigos em comum entre Marcelo e Marcela:
Amigos em comum entre Joao e Paulo: Francisco
O usuario Joao foi excluido da rede
Usuarios da rede: Pedro, Francisco, Maria, Paula, Paulo, Marcelo, Marcela, Marina
Amigos de Pedro:
Amigos de Francisco: Paulo
Amigos de Maria:
Amigos de Paula:
Amigos de Paulo: Francisco
Amigos de Marcelo: Marcela, Marina
Amigos de Marcela: Marcelo
Amigos de Marina: Marcelo
